2021-02-26 00:01:20 {main}  INFO hw.JavaAdvanced21Application {36} -Starting JavaAdvanced21Application using Java 11.0.10 on Masha with PID 3192 (C:\Users\Masha\git\project\javaAdvanced-21\target\classes started by Masha in C:\Users\Masha\git\project\javaAdvanced-21)
2021-02-26 00:01:20 {main} DEBUG hw.JavaAdvanced21Application {36} -Running with Spring Boot v2.4.2, Spring v5.3.3
2021-02-26 00:01:20 {main}  INFO hw.JavaAdvanced21Application {36} -No active profile set, falling back to default profiles: default
2021-02-26 00:01:22 {main}  INFO org.springframework.data.repository.config.RepositoryConfigurationDelegate {36} -Bootstrapping Spring Data JPA repositories in DEFAULT mode.
2021-02-26 00:01:22 {main}  INFO org.springframework.data.repository.config.RepositoryConfigurationDelegate {36} -Finished Spring Data repository scanning in 182 ms. Found 3 JPA repository interfaces.
2021-02-26 00:01:24 {main}  INFO org.springframework.boot.web.embedded.tomcat.TomcatWebServer {36} -Tomcat initialized with port(s): 8080 (http)
2021-02-26 00:01:24 {main}  INFO org.apache.catalina.core.StandardService {36} -Starting service [Tomcat]
2021-02-26 00:01:24 {main}  INFO org.apache.catalina.core.StandardEngine {36} -Starting Servlet engine: [Apache Tomcat/9.0.41]
2021-02-26 00:01:25 {main}  INFO org.apache.jasper.servlet.TldScanner {36} -At least one JAR was scanned for TLDs yet contained no TLDs. Enable debug logging for this logger for a complete list of JARs that were scanned but no TLDs were found in them. Skipping unneeded JARs during scanning can improve startup time and JSP compilation time.
2021-02-26 00:01:25 {main}  INFO org.apache.catalina.core.ContainerBase.[Tomcat].[localhost].[/] {36} -Initializing Spring embedded WebApplicationContext
2021-02-26 00:01:25 {main}  INFO org.springframework.boot.web.servlet.context.ServletWebServerApplicationContext {36} -Root WebApplicationContext: initialization completed in 4162 ms
2021-02-26 00:01:25 {main}  INFO org.hibernate.jpa.internal.util.LogHelper {36} -HHH000204: Processing PersistenceUnitInfo [name: default]
2021-02-26 00:01:25 {main}  INFO org.hibernate.Version {36} -HHH000412: Hibernate ORM core version 5.4.27.Final
2021-02-26 00:01:26 {main}  INFO org.hibernate.annotations.common.Version {36} -HCANN000001: Hibernate Commons Annotations {5.1.2.Final}
2021-02-26 00:01:26 {main}  INFO com.zaxxer.hikari.HikariDataSource {36} -HikariPool-1 - Starting...
2021-02-26 00:01:26 {main}  INFO com.zaxxer.hikari.HikariDataSource {36} -HikariPool-1 - Start completed.
2021-02-26 00:01:26 {main}  INFO org.hibernate.dialect.Dialect {36} -HHH000400: Using dialect: org.hibernate.dialect.MySQL55Dialect
2021-02-26 00:01:28 {main}  INFO org.hibernate.engine.transaction.jta.platform.internal.JtaPlatformInitiator {36} -HHH000490: Using JtaPlatform implementation: [org.hibernate.engine.transaction.jta.platform.internal.NoJtaPlatform]
2021-02-26 00:01:28 {main}  INFO org.springframework.orm.jpa.LocalContainerEntityManagerFactoryBean {36} -Initialized JPA EntityManagerFactory for persistence unit 'default'
2021-02-26 00:01:28 {main}  WARN org.springframework.boot.autoconfigure.orm.jpa.JpaBaseConfiguration$JpaWebConfiguration {36} -spring.jpa.open-in-view is enabled by default. Therefore, database queries may be performed during view rendering. Explicitly configure spring.jpa.open-in-view to disable this warning
2021-02-26 00:01:29 {main}  INFO org.springframework.security.web.DefaultSecurityFilterChain {36} -Will secure any request with [org.springframework.security.web.context.request.async.WebAsyncManagerIntegrationFilter@3b0c38f2, org.springframework.security.web.context.SecurityContextPersistenceFilter@25587290, org.springframework.security.web.header.HeaderWriterFilter@4270705f, org.springframework.security.web.csrf.CsrfFilter@647ce968, org.springframework.security.web.authentication.logout.LogoutFilter@9fc2f89, org.springframework.security.web.authentication.UsernamePasswordAuthenticationFilter@3321fb65, org.springframework.security.web.savedrequest.RequestCacheAwareFilter@7ffe8a82, org.springframework.security.web.servletapi.SecurityContextHolderAwareRequestFilter@2bee1c13, org.springframework.security.web.authentication.AnonymousAuthenticationFilter@5cc152f9, org.springframework.security.web.session.SessionManagementFilter@63537871, org.springframework.security.web.access.ExceptionTranslationFilter@4a68cbc5, org.springframework.security.web.access.intercept.FilterSecurityInterceptor@2627335c]
2021-02-26 00:01:29 {main}  INFO org.springframework.scheduling.concurrent.ThreadPoolTaskExecutor {36} -Initializing ExecutorService 'applicationTaskExecutor'
2021-02-26 00:01:30 {main}  INFO org.springframework.boot.web.embedded.tomcat.TomcatWebServer {36} -Tomcat started on port(s): 8080 (http) with context path ''
2021-02-26 00:01:30 {main}  INFO hw.JavaAdvanced21Application {36} -Started JavaAdvanced21Application in 10.499 seconds (JVM running for 11.395)
2021-02-26 00:01:37 {http-nio-8080-exec-1}  INFO org.apache.catalina.core.ContainerBase.[Tomcat].[localhost].[/] {36} -Initializing Spring DispatcherServlet 'dispatcherServlet'
2021-02-26 00:01:37 {http-nio-8080-exec-1}  INFO org.springframework.web.servlet.DispatcherServlet {36} -Initializing Servlet 'dispatcherServlet'
2021-02-26 00:01:37 {http-nio-8080-exec-1}  INFO org.springframework.web.servlet.DispatcherServlet {36} -Completed initialization in 2 ms
2021-02-26 00:01:37 {http-nio-8080-exec-1}  WARN org.apache.catalina.util.SessionIdGeneratorBase {36} -Creation of SecureRandom instance for session ID generation using [SHA1PRNG] took [215] milliseconds.
2021-02-26 00:01:43 {http-nio-8080-exec-5} ERROR org.apache.catalina.core.ContainerBase.[Tomcat].[localhost].[/].[jsp] {36} -Servlet.service() for servlet [jsp] threw exception
javax.servlet.jsp.JspTagException: No message found under code 'login.english' for locale 'ua'.
	at org.springframework.web.servlet.tags.MessageTag.doEndTag(MessageTag.java:294)
	at org.apache.jsp.jsp.login_jsp._jspx_meth_spring_005fmessage_005f1(login_jsp.java:516)
	at org.apache.jsp.jsp.login_jsp._jspService(login_jsp.java:361)
	at org.apache.jasper.runtime.HttpJspBase.service(HttpJspBase.java:71)
	at javax.servlet.http.HttpServlet.service(HttpServlet.java:733)
	at org.apache.jasper.servlet.JspServletWrapper.service(JspServletWrapper.java:477)
	at org.apache.jasper.servlet.JspServlet.serviceJspFile(JspServlet.java:385)
	at org.apache.jasper.servlet.JspServlet.service(JspServlet.java:329)
	at javax.servlet.http.HttpServlet.service(HttpServlet.java:733)
	at org.apache.catalina.core.ApplicationFilterChain.internalDoFilter(ApplicationFilterChain.java:231)
	at org.apache.catalina.core.ApplicationFilterChain.doFilter(ApplicationFilterChain.java:166)
	at org.apache.tomcat.websocket.server.WsFilter.doFilter(WsFilter.java:53)
	at org.apache.catalina.core.ApplicationFilterChain.internalDoFilter(ApplicationFilterChain.java:193)
	at org.apache.catalina.core.ApplicationFilterChain.doFilter(ApplicationFilterChain.java:166)
	at org.springframework.web.filter.OncePerRequestFilter.doFilter(OncePerRequestFilter.java:113)
	at org.apache.catalina.core.ApplicationFilterChain.internalDoFilter(ApplicationFilterChain.java:193)
	at org.apache.catalina.core.ApplicationFilterChain.doFilter(ApplicationFilterChain.java:166)
	at org.springframework.web.filter.OncePerRequestFilter.doFilter(OncePerRequestFilter.java:113)
	at org.apache.catalina.core.ApplicationFilterChain.internalDoFilter(ApplicationFilterChain.java:193)
	at org.apache.catalina.core.ApplicationFilterChain.doFilter(ApplicationFilterChain.java:166)
	at org.springframework.web.filter.OncePerRequestFilter.doFilter(OncePerRequestFilter.java:113)
	at org.apache.catalina.core.ApplicationFilterChain.internalDoFilter(ApplicationFilterChain.java:193)
	at org.apache.catalina.core.ApplicationFilterChain.doFilter(ApplicationFilterChain.java:166)
	at org.apache.catalina.core.ApplicationDispatcher.invoke(ApplicationDispatcher.java:712)
	at org.apache.catalina.core.ApplicationDispatcher.processRequest(ApplicationDispatcher.java:459)
	at org.apache.catalina.core.ApplicationDispatcher.doForward(ApplicationDispatcher.java:384)
	at org.apache.catalina.core.ApplicationDispatcher.forward(ApplicationDispatcher.java:312)
	at org.springframework.security.web.header.HeaderWriterFilter$HeaderWriterRequestDispatcher.forward(HeaderWriterFilter.java:171)
	at org.springframework.web.servlet.view.InternalResourceView.renderMergedOutputModel(InternalResourceView.java:171)
	at org.springframework.web.servlet.view.AbstractView.render(AbstractView.java:316)
	at org.springframework.web.servlet.DispatcherServlet.render(DispatcherServlet.java:1393)
	at org.springframework.web.servlet.DispatcherServlet.processDispatchResult(DispatcherServlet.java:1138)
	at org.springframework.web.servlet.DispatcherServlet.doDispatch(DispatcherServlet.java:1077)
	at org.springframework.web.servlet.DispatcherServlet.doService(DispatcherServlet.java:962)
	at org.springframework.web.servlet.FrameworkServlet.processRequest(FrameworkServlet.java:1006)
	at org.springframework.web.servlet.FrameworkServlet.doGet(FrameworkServlet.java:898)
	at javax.servlet.http.HttpServlet.service(HttpServlet.java:626)
	at org.springframework.web.servlet.FrameworkServlet.service(FrameworkServlet.java:883)
	at javax.servlet.http.HttpServlet.service(HttpServlet.java:733)
	at org.apache.catalina.core.ApplicationFilterChain.internalDoFilter(ApplicationFilterChain.java:231)
	at org.apache.catalina.core.ApplicationFilterChain.doFilter(ApplicationFilterChain.java:166)
	at org.apache.tomcat.websocket.server.WsFilter.doFilter(WsFilter.java:53)
	at org.apache.catalina.core.ApplicationFilterChain.internalDoFilter(ApplicationFilterChain.java:193)
	at org.apache.catalina.core.ApplicationFilterChain.doFilter(ApplicationFilterChain.java:166)
	at org.springframework.security.web.FilterChainProxy$VirtualFilterChain.doFilter(FilterChainProxy.java:327)
	at org.springframework.security.web.access.intercept.FilterSecurityInterceptor.invoke(FilterSecurityInterceptor.java:115)
	at org.springframework.security.web.access.intercept.FilterSecurityInterceptor.doFilter(FilterSecurityInterceptor.java:81)
	at org.springframework.security.web.FilterChainProxy$VirtualFilterChain.doFilter(FilterChainProxy.java:336)
	at org.springframework.security.web.access.ExceptionTranslationFilter.doFilter(ExceptionTranslationFilter.java:119)
	at org.springframework.security.web.access.ExceptionTranslationFilter.doFilter(ExceptionTranslationFilter.java:113)
	at org.springframework.security.web.FilterChainProxy$VirtualFilterChain.doFilter(FilterChainProxy.java:336)
	at org.springframework.security.web.session.SessionManagementFilter.doFilter(SessionManagementFilter.java:126)
	at org.springframework.security.web.session.SessionManagementFilter.doFilter(SessionManagementFilter.java:81)
	at org.springframework.security.web.FilterChainProxy$VirtualFilterChain.doFilter(FilterChainProxy.java:336)
	at org.springframework.security.web.authentication.AnonymousAuthenticationFilter.doFilter(AnonymousAuthenticationFilter.java:105)
	at org.springframework.security.web.FilterChainProxy$VirtualFilterChain.doFilter(FilterChainProxy.java:336)
	at org.springframework.security.web.servletapi.SecurityContextHolderAwareRequestFilter.doFilter(SecurityContextHolderAwareRequestFilter.java:149)
	at org.springframework.security.web.FilterChainProxy$VirtualFilterChain.doFilter(FilterChainProxy.java:336)
	at org.springframework.security.web.savedrequest.RequestCacheAwareFilter.doFilter(RequestCacheAwareFilter.java:63)
	at org.springframework.security.web.FilterChainProxy$VirtualFilterChain.doFilter(FilterChainProxy.java:336)
	at org.springframework.security.web.authentication.AbstractAuthenticationProcessingFilter.doFilter(AbstractAuthenticationProcessingFilter.java:218)
	at org.springframework.security.web.authentication.AbstractAuthenticationProcessingFilter.doFilter(AbstractAuthenticationProcessingFilter.java:212)
	at org.springframework.security.web.FilterChainProxy$VirtualFilterChain.doFilter(FilterChainProxy.java:336)
	at org.springframework.security.web.authentication.logout.LogoutFilter.doFilter(LogoutFilter.java:103)
	at org.springframework.security.web.authentication.logout.LogoutFilter.doFilter(LogoutFilter.java:89)
	at org.springframework.security.web.FilterChainProxy$VirtualFilterChain.doFilter(FilterChainProxy.java:336)
	at org.springframework.security.web.csrf.CsrfFilter.doFilterInternal(CsrfFilter.java:115)
	at org.springframework.web.filter.OncePerRequestFilter.doFilter(OncePerRequestFilter.java:119)
	at org.springframework.security.web.FilterChainProxy$VirtualFilterChain.doFilter(FilterChainProxy.java:336)
	at org.springframework.security.web.header.HeaderWriterFilter.doHeadersAfter(HeaderWriterFilter.java:90)
	at org.springframework.security.web.header.HeaderWriterFilter.doFilterInternal(HeaderWriterFilter.java:75)
	at org.springframework.web.filter.OncePerRequestFilter.doFilter(OncePerRequestFilter.java:119)
	at org.springframework.security.web.FilterChainProxy$VirtualFilterChain.doFilter(FilterChainProxy.java:336)
	at org.springframework.security.web.context.SecurityContextPersistenceFilter.doFilter(SecurityContextPersistenceFilter.java:110)
	at org.springframework.security.web.context.SecurityContextPersistenceFilter.doFilter(SecurityContextPersistenceFilter.java:80)
	at org.springframework.security.web.FilterChainProxy$VirtualFilterChain.doFilter(FilterChainProxy.java:336)
	at org.springframework.security.web.context.request.async.WebAsyncManagerIntegrationFilter.doFilterInternal(WebAsyncManagerIntegrationFilter.java:55)
	at org.springframework.web.filter.OncePerRequestFilter.doFilter(OncePerRequestFilter.java:119)
	at org.springframework.security.web.FilterChainProxy$VirtualFilterChain.doFilter(FilterChainProxy.java:336)
	at org.springframework.security.web.FilterChainProxy.doFilterInternal(FilterChainProxy.java:211)
	at org.springframework.security.web.FilterChainProxy.doFilter(FilterChainProxy.java:183)
	at org.springframework.web.filter.DelegatingFilterProxy.invokeDelegate(DelegatingFilterProxy.java:358)
	at org.springframework.web.filter.DelegatingFilterProxy.doFilter(DelegatingFilterProxy.java:271)
	at org.apache.catalina.core.ApplicationFilterChain.internalDoFilter(ApplicationFilterChain.java:193)
	at org.apache.catalina.core.ApplicationFilterChain.doFilter(ApplicationFilterChain.java:166)
	at org.springframework.web.filter.RequestContextFilter.doFilterInternal(RequestContextFilter.java:100)
	at org.springframework.web.filter.OncePerRequestFilter.doFilter(OncePerRequestFilter.java:119)
	at org.apache.catalina.core.ApplicationFilterChain.internalDoFilter(ApplicationFilterChain.java:193)
	at org.apache.catalina.core.ApplicationFilterChain.doFilter(ApplicationFilterChain.java:166)
	at org.springframework.web.filter.FormContentFilter.doFilterInternal(FormContentFilter.java:93)
	at org.springframework.web.filter.OncePerRequestFilter.doFilter(OncePerRequestFilter.java:119)
	at org.apache.catalina.core.ApplicationFilterChain.internalDoFilter(ApplicationFilterChain.java:193)
	at org.apache.catalina.core.ApplicationFilterChain.doFilter(ApplicationFilterChain.java:166)
	at org.springframework.web.filter.CharacterEncodingFilter.doFilterInternal(CharacterEncodingFilter.java:201)
	at org.springframework.web.filter.OncePerRequestFilter.doFilter(OncePerRequestFilter.java:119)
	at org.apache.catalina.core.ApplicationFilterChain.internalDoFilter(ApplicationFilterChain.java:193)
	at org.apache.catalina.core.ApplicationFilterChain.doFilter(ApplicationFilterChain.java:166)
	at org.apache.catalina.core.StandardWrapperValve.invoke(StandardWrapperValve.java:202)
	at org.apache.catalina.core.StandardContextValve.invoke(StandardContextValve.java:97)
	at org.apache.catalina.authenticator.AuthenticatorBase.invoke(AuthenticatorBase.java:542)
	at org.apache.catalina.core.StandardHostValve.invoke(StandardHostValve.java:143)
	at org.apache.catalina.valves.ErrorReportValve.invoke(ErrorReportValve.java:92)
	at org.apache.catalina.core.StandardEngineValve.invoke(StandardEngineValve.java:78)
	at org.apache.catalina.connector.CoyoteAdapter.service(CoyoteAdapter.java:343)
	at org.apache.coyote.http11.Http11Processor.service(Http11Processor.java:374)
	at org.apache.coyote.AbstractProcessorLight.process(AbstractProcessorLight.java:65)
	at org.apache.coyote.AbstractProtocol$ConnectionHandler.process(AbstractProtocol.java:888)
	at org.apache.tomcat.util.net.NioEndpoint$SocketProcessor.doRun(NioEndpoint.java:1597)
	at org.apache.tomcat.util.net.SocketProcessorBase.run(SocketProcessorBase.java:49)
	at java.base/java.util.concurrent.ThreadPoolExecutor.runWorker(ThreadPoolExecutor.java:1128)
	at java.base/java.util.concurrent.ThreadPoolExecutor$Worker.run(ThreadPoolExecutor.java:628)
	at org.apache.tomcat.util.threads.TaskThread$WrappingRunnable.run(TaskThread.java:61)
	at java.base/java.lang.Thread.run(Thread.java:834)
2021-02-26 00:01:43 {http-nio-8080-exec-5} ERROR org.apache.catalina.core.ContainerBase.[Tomcat].[localhost].[/].[dispatcherServlet] {36} -Servlet.service() for servlet [dispatcherServlet] in context with path [] threw exception [javax.servlet.jsp.JspTagException: No message found under code 'login.english' for locale 'ua'.] with root cause
javax.servlet.jsp.JspTagException: No message found under code 'login.english' for locale 'ua'.
	at org.springframework.web.servlet.tags.MessageTag.doEndTag(MessageTag.java:294)
	at org.apache.jsp.jsp.login_jsp._jspx_meth_spring_005fmessage_005f1(login_jsp.java:516)
	at org.apache.jsp.jsp.login_jsp._jspService(login_jsp.java:361)
	at org.apache.jasper.runtime.HttpJspBase.service(HttpJspBase.java:71)
	at javax.servlet.http.HttpServlet.service(HttpServlet.java:733)
	at org.apache.jasper.servlet.JspServletWrapper.service(JspServletWrapper.java:477)
	at org.apache.jasper.servlet.JspServlet.serviceJspFile(JspServlet.java:385)
	at org.apache.jasper.servlet.JspServlet.service(JspServlet.java:329)
	at javax.servlet.http.HttpServlet.service(HttpServlet.java:733)
	at org.apache.catalina.core.ApplicationFilterChain.internalDoFilter(ApplicationFilterChain.java:231)
	at org.apache.catalina.core.ApplicationFilterChain.doFilter(ApplicationFilterChain.java:166)
	at org.apache.tomcat.websocket.server.WsFilter.doFilter(WsFilter.java:53)
	at org.apache.catalina.core.ApplicationFilterChain.internalDoFilter(ApplicationFilterChain.java:193)
	at org.apache.catalina.core.ApplicationFilterChain.doFilter(ApplicationFilterChain.java:166)
	at org.springframework.web.filter.OncePerRequestFilter.doFilter(OncePerRequestFilter.java:113)
	at org.apache.catalina.core.ApplicationFilterChain.internalDoFilter(ApplicationFilterChain.java:193)
	at org.apache.catalina.core.ApplicationFilterChain.doFilter(ApplicationFilterChain.java:166)
	at org.springframework.web.filter.OncePerRequestFilter.doFilter(OncePerRequestFilter.java:113)
	at org.apache.catalina.core.ApplicationFilterChain.internalDoFilter(ApplicationFilterChain.java:193)
	at org.apache.catalina.core.ApplicationFilterChain.doFilter(ApplicationFilterChain.java:166)
	at org.springframework.web.filter.OncePerRequestFilter.doFilter(OncePerRequestFilter.java:113)
	at org.apache.catalina.core.ApplicationFilterChain.internalDoFilter(ApplicationFilterChain.java:193)
	at org.apache.catalina.core.ApplicationFilterChain.doFilter(ApplicationFilterChain.java:166)
	at org.apache.catalina.core.ApplicationDispatcher.invoke(ApplicationDispatcher.java:712)
	at org.apache.catalina.core.ApplicationDispatcher.processRequest(ApplicationDispatcher.java:459)
	at org.apache.catalina.core.ApplicationDispatcher.doForward(ApplicationDispatcher.java:384)
	at org.apache.catalina.core.ApplicationDispatcher.forward(ApplicationDispatcher.java:312)
	at org.springframework.security.web.header.HeaderWriterFilter$HeaderWriterRequestDispatcher.forward(HeaderWriterFilter.java:171)
	at org.springframework.web.servlet.view.InternalResourceView.renderMergedOutputModel(InternalResourceView.java:171)
	at org.springframework.web.servlet.view.AbstractView.render(AbstractView.java:316)
	at org.springframework.web.servlet.DispatcherServlet.render(DispatcherServlet.java:1393)
	at org.springframework.web.servlet.DispatcherServlet.processDispatchResult(DispatcherServlet.java:1138)
	at org.springframework.web.servlet.DispatcherServlet.doDispatch(DispatcherServlet.java:1077)
	at org.springframework.web.servlet.DispatcherServlet.doService(DispatcherServlet.java:962)
	at org.springframework.web.servlet.FrameworkServlet.processRequest(FrameworkServlet.java:1006)
	at org.springframework.web.servlet.FrameworkServlet.doGet(FrameworkServlet.java:898)
	at javax.servlet.http.HttpServlet.service(HttpServlet.java:626)
	at org.springframework.web.servlet.FrameworkServlet.service(FrameworkServlet.java:883)
	at javax.servlet.http.HttpServlet.service(HttpServlet.java:733)
	at org.apache.catalina.core.ApplicationFilterChain.internalDoFilter(ApplicationFilterChain.java:231)
	at org.apache.catalina.core.ApplicationFilterChain.doFilter(ApplicationFilterChain.java:166)
	at org.apache.tomcat.websocket.server.WsFilter.doFilter(WsFilter.java:53)
	at org.apache.catalina.core.ApplicationFilterChain.internalDoFilter(ApplicationFilterChain.java:193)
	at org.apache.catalina.core.ApplicationFilterChain.doFilter(ApplicationFilterChain.java:166)
	at org.springframework.security.web.FilterChainProxy$VirtualFilterChain.doFilter(FilterChainProxy.java:327)
	at org.springframework.security.web.access.intercept.FilterSecurityInterceptor.invoke(FilterSecurityInterceptor.java:115)
	at org.springframework.security.web.access.intercept.FilterSecurityInterceptor.doFilter(FilterSecurityInterceptor.java:81)
	at org.springframework.security.web.FilterChainProxy$VirtualFilterChain.doFilter(FilterChainProxy.java:336)
	at org.springframework.security.web.access.ExceptionTranslationFilter.doFilter(ExceptionTranslationFilter.java:119)
	at org.springframework.security.web.access.ExceptionTranslationFilter.doFilter(ExceptionTranslationFilter.java:113)
	at org.springframework.security.web.FilterChainProxy$VirtualFilterChain.doFilter(FilterChainProxy.java:336)
	at org.springframework.security.web.session.SessionManagementFilter.doFilter(SessionManagementFilter.java:126)
	at org.springframework.security.web.session.SessionManagementFilter.doFilter(SessionManagementFilter.java:81)
	at org.springframework.security.web.FilterChainProxy$VirtualFilterChain.doFilter(FilterChainProxy.java:336)
	at org.springframework.security.web.authentication.AnonymousAuthenticationFilter.doFilter(AnonymousAuthenticationFilter.java:105)
	at org.springframework.security.web.FilterChainProxy$VirtualFilterChain.doFilter(FilterChainProxy.java:336)
	at org.springframework.security.web.servletapi.SecurityContextHolderAwareRequestFilter.doFilter(SecurityContextHolderAwareRequestFilter.java:149)
	at org.springframework.security.web.FilterChainProxy$VirtualFilterChain.doFilter(FilterChainProxy.java:336)
	at org.springframework.security.web.savedrequest.RequestCacheAwareFilter.doFilter(RequestCacheAwareFilter.java:63)
	at org.springframework.security.web.FilterChainProxy$VirtualFilterChain.doFilter(FilterChainProxy.java:336)
	at org.springframework.security.web.authentication.AbstractAuthenticationProcessingFilter.doFilter(AbstractAuthenticationProcessingFilter.java:218)
	at org.springframework.security.web.authentication.AbstractAuthenticationProcessingFilter.doFilter(AbstractAuthenticationProcessingFilter.java:212)
	at org.springframework.security.web.FilterChainProxy$VirtualFilterChain.doFilter(FilterChainProxy.java:336)
	at org.springframework.security.web.authentication.logout.LogoutFilter.doFilter(LogoutFilter.java:103)
	at org.springframework.security.web.authentication.logout.LogoutFilter.doFilter(LogoutFilter.java:89)
	at org.springframework.security.web.FilterChainProxy$VirtualFilterChain.doFilter(FilterChainProxy.java:336)
	at org.springframework.security.web.csrf.CsrfFilter.doFilterInternal(CsrfFilter.java:115)
	at org.springframework.web.filter.OncePerRequestFilter.doFilter(OncePerRequestFilter.java:119)
	at org.springframework.security.web.FilterChainProxy$VirtualFilterChain.doFilter(FilterChainProxy.java:336)
	at org.springframework.security.web.header.HeaderWriterFilter.doHeadersAfter(HeaderWriterFilter.java:90)
	at org.springframework.security.web.header.HeaderWriterFilter.doFilterInternal(HeaderWriterFilter.java:75)
	at org.springframework.web.filter.OncePerRequestFilter.doFilter(OncePerRequestFilter.java:119)
	at org.springframework.security.web.FilterChainProxy$VirtualFilterChain.doFilter(FilterChainProxy.java:336)
	at org.springframework.security.web.context.SecurityContextPersistenceFilter.doFilter(SecurityContextPersistenceFilter.java:110)
	at org.springframework.security.web.context.SecurityContextPersistenceFilter.doFilter(SecurityContextPersistenceFilter.java:80)
	at org.springframework.security.web.FilterChainProxy$VirtualFilterChain.doFilter(FilterChainProxy.java:336)
	at org.springframework.security.web.context.request.async.WebAsyncManagerIntegrationFilter.doFilterInternal(WebAsyncManagerIntegrationFilter.java:55)
	at org.springframework.web.filter.OncePerRequestFilter.doFilter(OncePerRequestFilter.java:119)
	at org.springframework.security.web.FilterChainProxy$VirtualFilterChain.doFilter(FilterChainProxy.java:336)
	at org.springframework.security.web.FilterChainProxy.doFilterInternal(FilterChainProxy.java:211)
	at org.springframework.security.web.FilterChainProxy.doFilter(FilterChainProxy.java:183)
	at org.springframework.web.filter.DelegatingFilterProxy.invokeDelegate(DelegatingFilterProxy.java:358)
	at org.springframework.web.filter.DelegatingFilterProxy.doFilter(DelegatingFilterProxy.java:271)
	at org.apache.catalina.core.ApplicationFilterChain.internalDoFilter(ApplicationFilterChain.java:193)
	at org.apache.catalina.core.ApplicationFilterChain.doFilter(ApplicationFilterChain.java:166)
	at org.springframework.web.filter.RequestContextFilter.doFilterInternal(RequestContextFilter.java:100)
	at org.springframework.web.filter.OncePerRequestFilter.doFilter(OncePerRequestFilter.java:119)
	at org.apache.catalina.core.ApplicationFilterChain.internalDoFilter(ApplicationFilterChain.java:193)
	at org.apache.catalina.core.ApplicationFilterChain.doFilter(ApplicationFilterChain.java:166)
	at org.springframework.web.filter.FormContentFilter.doFilterInternal(FormContentFilter.java:93)
	at org.springframework.web.filter.OncePerRequestFilter.doFilter(OncePerRequestFilter.java:119)
	at org.apache.catalina.core.ApplicationFilterChain.internalDoFilter(ApplicationFilterChain.java:193)
	at org.apache.catalina.core.ApplicationFilterChain.doFilter(ApplicationFilterChain.java:166)
	at org.springframework.web.filter.CharacterEncodingFilter.doFilterInternal(CharacterEncodingFilter.java:201)
	at org.springframework.web.filter.OncePerRequestFilter.doFilter(OncePerRequestFilter.java:119)
	at org.apache.catalina.core.ApplicationFilterChain.internalDoFilter(ApplicationFilterChain.java:193)
	at org.apache.catalina.core.ApplicationFilterChain.doFilter(ApplicationFilterChain.java:166)
	at org.apache.catalina.core.StandardWrapperValve.invoke(StandardWrapperValve.java:202)
	at org.apache.catalina.core.StandardContextValve.invoke(StandardContextValve.java:97)
	at org.apache.catalina.authenticator.AuthenticatorBase.invoke(AuthenticatorBase.java:542)
	at org.apache.catalina.core.StandardHostValve.invoke(StandardHostValve.java:143)
	at org.apache.catalina.valves.ErrorReportValve.invoke(ErrorReportValve.java:92)
	at org.apache.catalina.core.StandardEngineValve.invoke(StandardEngineValve.java:78)
	at org.apache.catalina.connector.CoyoteAdapter.service(CoyoteAdapter.java:343)
	at org.apache.coyote.http11.Http11Processor.service(Http11Processor.java:374)
	at org.apache.coyote.AbstractProcessorLight.process(AbstractProcessorLight.java:65)
	at org.apache.coyote.AbstractProtocol$ConnectionHandler.process(AbstractProtocol.java:888)
	at org.apache.tomcat.util.net.NioEndpoint$SocketProcessor.doRun(NioEndpoint.java:1597)
	at org.apache.tomcat.util.net.SocketProcessorBase.run(SocketProcessorBase.java:49)
	at java.base/java.util.concurrent.ThreadPoolExecutor.runWorker(ThreadPoolExecutor.java:1128)
	at java.base/java.util.concurrent.ThreadPoolExecutor$Worker.run(ThreadPoolExecutor.java:628)
	at org.apache.tomcat.util.threads.TaskThread$WrappingRunnable.run(TaskThread.java:61)
	at java.base/java.lang.Thread.run(Thread.java:834)
2021-02-26 00:03:29 {main}  INFO hw.JavaAdvanced21Application {36} -Starting JavaAdvanced21Application using Java 11.0.10 on Masha with PID 15832 (C:\Users\Masha\git\project\javaAdvanced-21\target\classes started by Masha in C:\Users\Masha\git\project\javaAdvanced-21)
2021-02-26 00:03:29 {main} DEBUG hw.JavaAdvanced21Application {36} -Running with Spring Boot v2.4.2, Spring v5.3.3
2021-02-26 00:03:29 {main}  INFO hw.JavaAdvanced21Application {36} -No active profile set, falling back to default profiles: default
2021-02-26 00:03:31 {main}  INFO org.springframework.data.repository.config.RepositoryConfigurationDelegate {36} -Bootstrapping Spring Data JPA repositories in DEFAULT mode.
2021-02-26 00:03:31 {main}  INFO org.springframework.data.repository.config.RepositoryConfigurationDelegate {36} -Finished Spring Data repository scanning in 140 ms. Found 3 JPA repository interfaces.
2021-02-26 00:03:32 {main}  INFO org.springframework.boot.web.embedded.tomcat.TomcatWebServer {36} -Tomcat initialized with port(s): 8080 (http)
2021-02-26 00:03:32 {main}  INFO org.apache.catalina.core.StandardService {36} -Starting service [Tomcat]
2021-02-26 00:03:32 {main}  INFO org.apache.catalina.core.StandardEngine {36} -Starting Servlet engine: [Apache Tomcat/9.0.41]
2021-02-26 00:03:33 {main}  INFO org.apache.jasper.servlet.TldScanner {36} -At least one JAR was scanned for TLDs yet contained no TLDs. Enable debug logging for this logger for a complete list of JARs that were scanned but no TLDs were found in them. Skipping unneeded JARs during scanning can improve startup time and JSP compilation time.
2021-02-26 00:03:33 {main}  INFO org.apache.catalina.core.ContainerBase.[Tomcat].[localhost].[/] {36} -Initializing Spring embedded WebApplicationContext
2021-02-26 00:03:33 {main}  INFO org.springframework.boot.web.servlet.context.ServletWebServerApplicationContext {36} -Root WebApplicationContext: initialization completed in 3860 ms
2021-02-26 00:03:33 {main}  INFO org.hibernate.jpa.internal.util.LogHelper {36} -HHH000204: Processing PersistenceUnitInfo [name: default]
2021-02-26 00:03:34 {main}  INFO org.hibernate.Version {36} -HHH000412: Hibernate ORM core version 5.4.27.Final
2021-02-26 00:03:34 {main}  INFO org.hibernate.annotations.common.Version {36} -HCANN000001: Hibernate Commons Annotations {5.1.2.Final}
2021-02-26 00:03:34 {main}  INFO com.zaxxer.hikari.HikariDataSource {36} -HikariPool-1 - Starting...
2021-02-26 00:03:34 {main}  INFO com.zaxxer.hikari.HikariDataSource {36} -HikariPool-1 - Start completed.
2021-02-26 00:03:34 {main}  INFO org.hibernate.dialect.Dialect {36} -HHH000400: Using dialect: org.hibernate.dialect.MySQL55Dialect
2021-02-26 00:03:36 {main}  INFO org.hibernate.engine.transaction.jta.platform.internal.JtaPlatformInitiator {36} -HHH000490: Using JtaPlatform implementation: [org.hibernate.engine.transaction.jta.platform.internal.NoJtaPlatform]
2021-02-26 00:03:36 {main}  INFO org.springframework.orm.jpa.LocalContainerEntityManagerFactoryBean {36} -Initialized JPA EntityManagerFactory for persistence unit 'default'
2021-02-26 00:03:36 {main}  WARN org.springframework.boot.autoconfigure.orm.jpa.JpaBaseConfiguration$JpaWebConfiguration {36} -spring.jpa.open-in-view is enabled by default. Therefore, database queries may be performed during view rendering. Explicitly configure spring.jpa.open-in-view to disable this warning
2021-02-26 00:03:37 {main}  INFO org.springframework.security.web.DefaultSecurityFilterChain {36} -Will secure any request with [org.springframework.security.web.context.request.async.WebAsyncManagerIntegrationFilter@394331a8, org.springframework.security.web.context.SecurityContextPersistenceFilter@74026b18, org.springframework.security.web.header.HeaderWriterFilter@6987b74e, org.springframework.security.web.csrf.CsrfFilter@37196d53, org.springframework.security.web.authentication.logout.LogoutFilter@2ebcbf9d, org.springframework.security.web.authentication.UsernamePasswordAuthenticationFilter@129e45eb, org.springframework.security.web.savedrequest.RequestCacheAwareFilter@5cf1bbd3, org.springframework.security.web.servletapi.SecurityContextHolderAwareRequestFilter@63537871, org.springframework.security.web.authentication.AnonymousAuthenticationFilter@2627335c, org.springframework.security.web.session.SessionManagementFilter@63846fa4, org.springframework.security.web.access.ExceptionTranslationFilter@498b697, org.springframework.security.web.access.intercept.FilterSecurityInterceptor@624be1d4]
2021-02-26 00:03:37 {main}  INFO org.springframework.scheduling.concurrent.ThreadPoolTaskExecutor {36} -Initializing ExecutorService 'applicationTaskExecutor'
2021-02-26 00:03:38 {main}  INFO org.springframework.boot.web.embedded.tomcat.TomcatWebServer {36} -Tomcat started on port(s): 8080 (http) with context path ''
2021-02-26 00:03:38 {main}  INFO hw.JavaAdvanced21Application {36} -Started JavaAdvanced21Application in 9.891 seconds (JVM running for 10.738)
2021-02-26 00:03:44 {http-nio-8080-exec-1}  INFO org.apache.catalina.core.ContainerBase.[Tomcat].[localhost].[/] {36} -Initializing Spring DispatcherServlet 'dispatcherServlet'
2021-02-26 00:03:44 {http-nio-8080-exec-1}  INFO org.springframework.web.servlet.DispatcherServlet {36} -Initializing Servlet 'dispatcherServlet'
2021-02-26 00:03:44 {http-nio-8080-exec-1}  INFO org.springframework.web.servlet.DispatcherServlet {36} -Completed initialization in 1 ms
2021-02-26 00:03:44 {http-nio-8080-exec-1}  WARN org.apache.catalina.util.SessionIdGeneratorBase {36} -Creation of SecureRandom instance for session ID generation using [SHA1PRNG] took [210] milliseconds.
